[framework] 2016-12-26 14:24:27,392 - org.apache.hadoop.metrics2.lib.MutableMetricsFactory -0    [AWT-EventQueue-0] DEBUG org.apache.hadoop.metrics2.lib.MutableMetricsFactory  - field org.apache.hadoop.metrics2.lib.MutableRate org.apache.hadoop.security.UserGroupInformation$UgiMetrics.loginSuccess with annotation @org.apache.hadoop.metrics2.annotation.Metric(about=, sampleName=Ops, always=false, type=DEFAULT, value=[Rate of successful kerberos logins and latency (milliseconds)], valueName=Time)
[framework] 2016-12-26 14:24:27,402 - org.apache.hadoop.metrics2.lib.MutableMetricsFactory -10   [AWT-EventQueue-0] DEBUG org.apache.hadoop.metrics2.lib.MutableMetricsFactory  - field org.apache.hadoop.metrics2.lib.MutableRate org.apache.hadoop.security.UserGroupInformation$UgiMetrics.loginFailure with annotation @org.apache.hadoop.metrics2.annotation.Metric(about=, sampleName=Ops, always=false, type=DEFAULT, value=[Rate of failed kerberos logins and latency (milliseconds)], valueName=Time)
[framework] 2016-12-26 14:24:27,403 - org.apache.hadoop.metrics2.lib.MutableMetricsFactory -11   [AWT-EventQueue-0] DEBUG org.apache.hadoop.metrics2.lib.MutableMetricsFactory  - field org.apache.hadoop.metrics2.lib.MutableRate org.apache.hadoop.security.UserGroupInformation$UgiMetrics.getGroups with annotation @org.apache.hadoop.metrics2.annotation.Metric(about=, sampleName=Ops, always=false, type=DEFAULT, value=[GetGroups], valueName=Time)
[framework] 2016-12-26 14:24:27,403 - org.apache.hadoop.metrics2.impl.MetricsSystemImpl -11   [AWT-EventQueue-0] DEBUG org.apache.hadoop.metrics2.impl.MetricsSystemImpl  - UgiMetrics, User and group related metrics
[framework] 2016-12-26 14:24:27,462 - org.apache.hadoop.security.authentication.util.KerberosName -70   [AWT-EventQueue-0] DEBUG org.apache.hadoop.security.authentication.util.KerberosName  - Kerberos krb5 configuration not found, setting default realm to empty
[framework] 2016-12-26 14:24:27,467 - org.apache.hadoop.security.Groups -75   [AWT-EventQueue-0] DEBUG org.apache.hadoop.security.Groups  -  Creating new Groups object
[framework] 2016-12-26 14:24:27,469 - org.apache.hadoop.util.NativeCodeLoader -77   [AWT-EventQueue-0] DEBUG org.apache.hadoop.util.NativeCodeLoader  - Trying to load the custom-built native-hadoop library...
[framework] 2016-12-26 14:24:27,470 - org.apache.hadoop.util.NativeCodeLoader -78   [AWT-EventQueue-0] DEBUG org.apache.hadoop.util.NativeCodeLoader  - Failed to load native-hadoop with error: java.lang.UnsatisfiedLinkError: no hadoop in java.library.path
[framework] 2016-12-26 14:24:27,470 - org.apache.hadoop.util.NativeCodeLoader -78   [AWT-EventQueue-0] DEBUG org.apache.hadoop.util.NativeCodeLoader  - java.library.path=/Users/idejie/Library/Java/Extensions:/Library/Java/Extensions:/Network/Library/Java/Extensions:/System/Library/Java/Extensions:/usr/lib/java:.
[framework] 2016-12-26 14:24:27,470 - org.apache.hadoop.util.NativeCodeLoader -78   [AWT-EventQueue-0] WARN  org.apache.hadoop.util.NativeCodeLoader  - Unable to load native-hadoop library for your platform... using builtin-java classes where applicable
[framework] 2016-12-26 14:24:27,471 - org.apache.hadoop.util.PerformanceAdvisory -79   [AWT-EventQueue-0] DEBUG org.apache.hadoop.util.PerformanceAdvisory  - Falling back to shell based
[framework] 2016-12-26 14:24:27,471 - org.apache.hadoop.security.JniBasedUnixGroupsMappingWithFallback -79   [AWT-EventQueue-0] DEBUG org.apache.hadoop.security.JniBasedUnixGroupsMappingWithFallback  - Group mapping impl=org.apache.hadoop.security.ShellBasedUnixGroupsMapping
[framework] 2016-12-26 14:24:27,479 - org.apache.hadoop.util.Shell -87   [AWT-EventQueue-0] DEBUG org.apache.hadoop.util.Shell  - Failed to detect a valid hadoop home directory
java.io.IOException: HADOOP_HOME or hadoop.home.dir are not set.
	at org.apache.hadoop.util.Shell.checkHadoopHome(Shell.java:325)
	at org.apache.hadoop.util.Shell.<clinit>(Shell.java:350)
	at org.apache.hadoop.util.StringUtils.<clinit>(StringUtils.java:79)
	at org.apache.hadoop.security.Groups.parseStaticMapping(Groups.java:130)
	at org.apache.hadoop.security.Groups.<init>(Groups.java:94)
	at org.apache.hadoop.security.Groups.<init>(Groups.java:74)
	at org.apache.hadoop.security.Groups.getUserToGroupsMappingService(Groups.java:303)
	at org.apache.hadoop.security.UserGroupInformation.initialize(UserGroupInformation.java:283)
	at org.apache.hadoop.security.UserGroupInformation.ensureInitialized(UserGroupInformation.java:260)
	at org.apache.hadoop.security.UserGroupInformation.loginUserFromSubject(UserGroupInformation.java:804)
	at org.apache.hadoop.security.UserGroupInformation.getLoginUser(UserGroupInformation.java:774)
	at org.apache.hadoop.security.UserGroupInformation.getCurrentUser(UserGroupInformation.java:647)
	at org.apache.hadoop.hbase.security.User$SecureHadoopUser.<init>(User.java:283)
	at org.apache.hadoop.hbase.security.User$SecureHadoopUser.<init>(User.java:279)
	at org.apache.hadoop.hbase.security.User.getCurrent(User.java:183)
	at org.apache.hadoop.hbase.security.UserProvider.getCurrent(UserProvider.java:88)
	at org.apache.hadoop.hbase.client.ConnectionFactory.createConnection(ConnectionFactory.java:215)
	at org.apache.hadoop.hbase.client.ConnectionFactory.createConnection(ConnectionFactory.java:119)
	at HBase.Operator.getDistinctCol(Operator.java:192)
	at HBaseWindow$5.actionPerformed(HBaseWindow.java:271)
	at javax.swing.AbstractButton.fireActionPerformed(AbstractButton.java:2022)
	at javax.swing.AbstractButton$Handler.actionPerformed(AbstractButton.java:2348)
	at javax.swing.DefaultButtonModel.fireActionPerformed(DefaultButtonModel.java:402)
	at javax.swing.DefaultButtonModel.setPressed(DefaultButtonModel.java:259)
	at javax.swing.plaf.basic.BasicButtonListener.mouseReleased(BasicButtonListener.java:252)
	at java.awt.Component.processMouseEvent(Component.java:6535)
	at javax.swing.JComponent.processMouseEvent(JComponent.java:3324)
	at java.awt.Component.processEvent(Component.java:6300)
	at java.awt.Container.processEvent(Container.java:2236)
	at java.awt.Component.dispatchEventImpl(Component.java:4891)
	at java.awt.Container.dispatchEventImpl(Container.java:2294)
	at java.awt.Component.dispatchEvent(Component.java:4713)
	at java.awt.LightweightDispatcher.retargetMouseEvent(Container.java:4888)
	at java.awt.LightweightDispatcher.processMouseEvent(Container.java:4525)
	at java.awt.LightweightDispatcher.dispatchEvent(Container.java:4466)
	at java.awt.Container.dispatchEventImpl(Container.java:2280)
	at java.awt.Window.dispatchEventImpl(Window.java:2750)
	at java.awt.Component.dispatchEvent(Component.java:4713)
	at java.awt.EventQueue.dispatchEventImpl(EventQueue.java:758)
	at java.awt.EventQueue.access$500(EventQueue.java:97)
	at java.awt.EventQueue$3.run(EventQueue.java:709)
	at java.awt.EventQueue$3.run(EventQueue.java:703)
	at java.security.AccessController.doPrivileged(Native Method)
	at java.security.ProtectionDomain$JavaSecurityAccessImpl.doIntersectionPrivilege(ProtectionDomain.java:76)
	at java.security.ProtectionDomain$JavaSecurityAccessImpl.doIntersectionPrivilege(ProtectionDomain.java:86)
	at java.awt.EventQueue$4.run(EventQueue.java:731)
	at java.awt.EventQueue$4.run(EventQueue.java:729)
	at java.security.AccessController.doPrivileged(Native Method)
	at java.security.ProtectionDomain$JavaSecurityAccessImpl.doIntersectionPrivilege(ProtectionDomain.java:76)
	at java.awt.EventQueue.dispatchEvent(EventQueue.java:728)
	at java.awt.EventDispatchThread.pumpOneEventForFilters(EventDispatchThread.java:201)
	at java.awt.EventDispatchThread.pumpEventsForFilter(EventDispatchThread.java:116)
	at java.awt.EventDispatchThread.pumpEventsForHierarchy(EventDispatchThread.java:105)
	at java.awt.EventDispatchThread.pumpEvents(EventDispatchThread.java:101)
	at java.awt.EventDispatchThread.pumpEvents(EventDispatchThread.java:93)
	at java.awt.EventDispatchThread.run(EventDispatchThread.java:82)
[framework] 2016-12-26 14:24:27,493 - org.apache.hadoop.util.Shell -101  [AWT-EventQueue-0] DEBUG org.apache.hadoop.util.Shell  - setsid is not available on this machine. So not using it.
[framework] 2016-12-26 14:24:27,493 - org.apache.hadoop.util.Shell -101  [AWT-EventQueue-0] DEBUG org.apache.hadoop.util.Shell  - setsid exited with exit code 0
[framework] 2016-12-26 14:24:27,511 - org.apache.hadoop.security.Groups -119  [AWT-EventQueue-0] DEBUG org.apache.hadoop.security.Groups  - Group mapping impl=org.apache.hadoop.security.JniBasedUnixGroupsMappingWithFallback; cacheTimeout=300000; warningDeltaMs=5000
[framework] 2016-12-26 14:24:27,518 - org.apache.hadoop.security.UserGroupInformation -126  [AWT-EventQueue-0] DEBUG org.apache.hadoop.security.UserGroupInformation  - hadoop login
[framework] 2016-12-26 14:24:27,519 - org.apache.hadoop.security.UserGroupInformation -127  [AWT-EventQueue-0] DEBUG org.apache.hadoop.security.UserGroupInformation  - hadoop login commit
[framework] 2016-12-26 14:24:27,522 - org.apache.hadoop.security.UserGroupInformation -130  [AWT-EventQueue-0] DEBUG org.apache.hadoop.security.UserGroupInformation  - using local user:UnixPrincipal: idejie
[framework] 2016-12-26 14:24:27,522 - org.apache.hadoop.security.UserGroupInformation -130  [AWT-EventQueue-0] DEBUG org.apache.hadoop.security.UserGroupInformation  - Using user: "UnixPrincipal: idejie" with name idejie
[framework] 2016-12-26 14:24:27,522 - org.apache.hadoop.security.UserGroupInformation -130  [AWT-EventQueue-0] DEBUG org.apache.hadoop.security.UserGroupInformation  - User entry: "idejie"
[framework] 2016-12-26 14:24:27,523 - org.apache.hadoop.security.UserGroupInformation -131  [AWT-EventQueue-0] DEBUG org.apache.hadoop.security.UserGroupInformation  - UGI loginUser:idejie (auth:SIMPLE)
[framework] 2016-12-26 14:24:27,933 - org.apache.hadoop.hbase.zookeeper.RecoverableZooKeeper -541  [AWT-EventQueue-0] INFO  org.apache.hadoop.hbase.zookeeper.RecoverableZooKeeper  - Process identifier=hconnection-0x59dcbcd5 connecting to ZooKeeper ensemble=211.87.227.195:2181,211.87.227.194:2181,211.87.227.196:2181
[framework] 2016-12-26 14:24:27,939 - org.apache.zookeeper.ZooKeeper -547  [AWT-EventQueue-0] INFO  org.apache.zookeeper.ZooKeeper  - Client environment:zookeeper.version=3.4.5-cdh5.6.0--1, built on 01/27/2016 22:55 GMT
[framework] 2016-12-26 14:24:27,939 - org.apache.zookeeper.ZooKeeper -547  [AWT-EventQueue-0] INFO  org.apache.zookeeper.ZooKeeper  - Client environment:host.name=192.168.1.170
[framework] 2016-12-26 14:24:27,939 - org.apache.zookeeper.ZooKeeper -547  [AWT-EventQueue-0] INFO  org.apache.zookeeper.ZooKeeper  - Client environment:java.version=1.8.0_91
[framework] 2016-12-26 14:24:27,939 - org.apache.zookeeper.ZooKeeper -547  [AWT-EventQueue-0] INFO  org.apache.zookeeper.ZooKeeper  - Client environment:java.vendor=Oracle Corporation
[framework] 2016-12-26 14:24:27,939 - org.apache.zookeeper.ZooKeeper -547  [AWT-EventQueue-0] INFO  org.apache.zookeeper.ZooKeeper  - Client environment:java.home=/Library/Java/JavaVirtualMachines/jdk1.8.0_91.jdk/Contents/Home/jre
[framework] 2016-12-26 14:24:27,939 - org.apache.zookeeper.ZooKeeper -547  [AWT-EventQueue-0] INFO  org.apache.zookeeper.ZooKeeper  - Client environment:java.class.path=/Library/Java/JavaVirtualMachines/jdk1.8.0_91.jdk/Contents/Home/jre/lib/charsets.jar:/Library/Java/JavaVirtualMachines/jdk1.8.0_91.jdk/Contents/Home/jre/lib/deploy.jar:/Library/Java/JavaVirtualMachines/jdk1.8.0_91.jdk/Contents/Home/jre/lib/ext/cldrdata.jar:/Library/Java/JavaVirtualMachines/jdk1.8.0_91.jdk/Contents/Home/jre/lib/ext/dnsns.jar:/Library/Java/JavaVirtualMachines/jdk1.8.0_91.jdk/Contents/Home/jre/lib/ext/jaccess.jar:/Library/Java/JavaVirtualMachines/jdk1.8.0_91.jdk/Contents/Home/jre/lib/ext/jfxrt.jar:/Library/Java/JavaVirtualMachines/jdk1.8.0_91.jdk/Contents/Home/jre/lib/ext/localedata.jar:/Library/Java/JavaVirtualMachines/jdk1.8.0_91.jdk/Contents/Home/jre/lib/ext/nashorn.jar:/Library/Java/JavaVirtualMachines/jdk1.8.0_91.jdk/Contents/Home/jre/lib/ext/sunec.jar:/Library/Java/JavaVirtualMachines/jdk1.8.0_91.jdk/Contents/Home/jre/lib/ext/sunjce_provider.jar:/Library/Java/JavaVirtualMachines/jdk1.8.0_91.jdk/Contents/Home/jre/lib/ext/sunpkcs11.jar:/Library/Java/JavaVirtualMachines/jdk1.8.0_91.jdk/Contents/Home/jre/lib/ext/zipfs.jar:/Library/Java/JavaVirtualMachines/jdk1.8.0_91.jdk/Contents/Home/jre/lib/javaws.jar:/Library/Java/JavaVirtualMachines/jdk1.8.0_91.jdk/Contents/Home/jre/lib/jce.jar:/Library/Java/JavaVirtualMachines/jdk1.8.0_91.jdk/Contents/Home/jre/lib/jfr.jar:/Library/Java/JavaVirtualMachines/jdk1.8.0_91.jdk/Contents/Home/jre/lib/jfxswt.jar:/Library/Java/JavaVirtualMachines/jdk1.8.0_91.jdk/Contents/Home/jre/lib/jsse.jar:/Library/Java/JavaVirtualMachines/jdk1.8.0_91.jdk/Contents/Home/jre/lib/management-agent.jar:/Library/Java/JavaVirtualMachines/jdk1.8.0_91.jdk/Contents/Home/jre/lib/plugin.jar:/Library/Java/JavaVirtualMachines/jdk1.8.0_91.jdk/Contents/Home/jre/lib/resources.jar:/Library/Java/JavaVirtualMachines/jdk1.8.0_91.jdk/Contents/Home/jre/lib/rt.jar:/Library/Java/JavaVirtualMachines/jdk1.8.0_91.jdk/Contents/Home/lib/ant-javafx.jar:/Library/Java/JavaVirtualMachines/jdk1.8.0_91.jdk/Contents/Home/lib/dt.jar:/Library/Java/JavaVirtualMachines/jdk1.8.0_91.jdk/Contents/Home/lib/javafx-mx.jar:/Library/Java/JavaVirtualMachines/jdk1.8.0_91.jdk/Contents/Home/lib/jconsole.jar:/Library/Java/JavaVirtualMachines/jdk1.8.0_91.jdk/Contents/Home/lib/packager.jar:/Library/Java/JavaVirtualMachines/jdk1.8.0_91.jdk/Contents/Home/lib/sa-jdi.jar:/Library/Java/JavaVirtualMachines/jdk1.8.0_91.jdk/Contents/Home/lib/tools.jar:/Users/idejie/Documents/idea/Nosql/out/production/Nosql:/Users/idejie/Documents/idea/Nosql/lib/jersey-server-1.9.jar:/Users/idejie/Documents/idea/Nosql/lib/jcodings-1.0.8.jar:/Users/idejie/Documents/idea/Nosql/lib/junit-4.12.jar:/Users/idejie/Documents/idea/Nosql/lib/commons-digester-1.8.jar:/Users/idejie/Documents/idea/Nosql/lib/commons-beanutils-core-1.8.0.jar:/Users/idejie/Documents/idea/Nosql/lib/hbase-server-1.0.0-cdh5.6.0-tests.jar:/Users/idejie/Documents/idea/Nosql/lib/commons-cli-1.2.jar:/Users/idejie/Documents/idea/Nosql/lib/jetty-util-6.1.26.cloudera.4.jar:/Users/idejie/Documents/idea/Nosql/lib/jackson-core-asl-1.8.8.jar:/Users/idejie/Documents/idea/Nosql/lib/hadoop-annotations-2.6.0-cdh5.6.0.jar:/Users/idejie/Documents/idea/Nosql/lib/guava-12.0.1.jar:/Users/idejie/Documents/idea/Nosql/lib/hbase-examples-1.0.0-cdh5.6.0.jar:/Users/idejie/Documents/idea/Nosql/lib/hbase-hadoop2-compat-1.0.0-cdh5.6.0-tests.jar:/Users/idejie/Documents/idea/Nosql/lib/hadoop-hdfs-2.6.0-cdh5.6.0.jar:/Users/idejie/Documents/idea/Nosql/lib/netty-3.6.6.Final.jar:/Users/idejie/Documents/idea/Nosql/lib/commons-el-1.0.jar:/Users/idejie/Documents/idea/Nosql/lib/xml-apis-1.3.04.jar:/Users/idejie/Documents/idea/Nosql/lib/httpcore-4.2.5.jar:/Users/idejie/Documents/idea/Nosql/lib/jersey-core-1.9.jar:/Users/idejie/Documents/idea/Nosql/lib/curator-client-2.7.1.jar:/Users/idejie/Documents/idea/Nosql/lib/xz-1.0.jar:/Users/idejie/Documents/idea/Nosql/lib/hbase-client-1.0.0-cdh5.6.0.jar:/Users/idejie/Documents/idea/Nosql/lib/commons-collections-3.2.2.jar:/Users/idejie/Documents/idea/Nosql/lib/hbase-annotations-1.0.0-cdh5.6.0.jar:/Users/idejie/Documents/idea/Nosql/lib/hadoop-common-2.6.0-cdh5.6.0.jar:/Users/idejie/Documents/idea/Nosql/lib/api-asn1-api-1.0.0-M20.jar:/Users/idejie/Documents/idea/Nosql/lib/jettison-1.3.3.jar:/Users/idejie/Documents/idea/Nosql/lib/hbase-prefix-tree-1.0.0-cdh5.6.0.jar:/Users/idejie/Documents/idea/Nosql/lib/jsr305-1.3.9.jar:/Users/idejie/Documents/idea/Nosql/lib/hamcrest-core-1.3.jar:/Users/idejie/Documents/idea/Nosql/lib/commons-logging-1.2.jar:/Users/idejie/Documents/idea/Nosql/lib/apacheds-kerberos-codec-2.0.0-M15.jar:/Users/idejie/Documents/idea/Nosql/lib/paranamer-2.3.jar:/Users/idejie/Documents/idea/Nosql/lib/jackson-jaxrs-1.8.8.jar:/Users/idejie/Documents/idea/Nosql/lib/findbugs-annotations-1.3.9-1.jar:/Users/idejie/Documents/idea/Nosql/lib/htrace-core4-4.0.1-incubating.jar:/Users/idejie/Documents/idea/Nosql/lib/hadoop-hdfs-2.6.0-cdh5.6.0-tests.jar:/Users/idejie/Documents/idea/Nosql/lib/jaxb-impl-2.2.3-1.jar:/Users/idejie/Documents/idea/Nosql/lib/hbase-hadoop-compat-1.0.0-cdh5.6.0.jar:/Users/idejie/Documents/idea/Nosql/lib/commons-net-3.1.jar:/Users/idejie/Documents/idea/Nosql/lib/curator-recipes-2.7.1.jar:/Users/idejie/Documents/idea/Nosql/lib/jetty-sslengine-6.1.26.cloudera.4.jar:/Users/idejie/Documents/idea/Nosql/lib/libthrift-0.9.2.jar:/Users/idejie/Documents/idea/Nosql/lib/curator-framework-2.7.1.jar:/Users/idejie/Documents/idea/Nosql/lib/zookeeper-3.4.5-cdh5.6.0.jar:/Users/idejie/Documents/idea/Nosql/lib/disruptor-3.3.0.jar:/Users/idejie/Documents/idea/Nosql/lib/commons-beanutils-1.7.0.jar:/Users/idejie/Documents/idea/Nosql/lib/commons-codec-1.9.jar:/Users/idejie/Documents/idea/Nosql/lib/jruby-cloudera-1.0.0.jar:/Users/idejie/Documents/idea/Nosql/lib/hbase-annotations-1.0.0-cdh5.6.0-tests.jar:/Users/idejie/Documents/idea/Nosql/lib/httpclient-4.2.5.jar:/Users/idejie/Documents/idea/Nosql/lib/metrics-core-2.2.0.jar:/Users/idejie/Documents/idea/Nosql/lib/sshxcute-1.0.jar:/Users/idejie/Documents/idea/Nosql/lib/slf4j-log4j12-1.7.5.jar:/Users/idejie/Documents/idea/Nosql/lib/protobuf-java-2.5.0.jar:/Users/idejie/Documents/idea/Nosql/lib/hbase-common-1.0.0-cdh5.6.0-tests.jar:/Users/idejie/Documents/idea/Nosql/lib/asm-3.2.jar:/Users/idejie/Documents/idea/Nosql/lib/commons-math3-3.1.1.jar:/Users/idejie/Documents/idea/Nosql/lib/commons-httpclient-3.1.jar:/Users/idejie/Documents/idea/Nosql/lib/commons-daemon-1.0.3.jar:/Users/idejie/Documents/idea/Nosql/lib/htrace-core-3.2.0-incubating.jar:/Users/idejie/Documents/idea/Nosql/lib/snappy-java-1.0.4.1.jar:/Users/idejie/Documents/idea/Nosql/lib/jasper-compiler-5.5.23.jar:/Users/idejie/Documents/idea/Nosql/lib/hbase-server-1.0.0-cdh5.6.0.jar:/Users/idejie/Documents/idea/Nosql/lib/leveldbjni-all-1.8.jar:/Users/idejie/Documents/idea/Nosql/lib/api-util-1.0.0-M20.jar:/Users/idejie/Documents/idea/Nosql/lib/jersey-client-1.9.jar:/Users/idejie/Documents/idea/Nosql/lib/jsp-2.1-6.1.14.jar:/Users/idejie/Documents/idea/Nosql/lib/jets3t-0.9.0.jar:/Users/idejie/Documents/idea/Nosql/lib/hbase-hadoop2-compat-1.0.0-cdh5.6.0.jar:/Users/idejie/Documents/idea/Nosql/lib/hsqldb-1.8.0.10.jar:/Users/idejie/Documents/idea/Nosql/lib/joni-2.1.2.jar:/Users/idejie/Documents/idea/Nosql/lib/high-scale-lib-1.1.1.jar:/Users/idejie/Documents/idea/Nosql/lib/jersey-json-1.9.jar:/Users/idejie/Documents/idea/Nosql/lib/log4j-1.2.17.jar:/Users/idejie/Documents/idea/Nosql/lib/hbase-rest-1.0.0-cdh5.6.0.jar:/Users/idejie/Documents/idea/Nosql/lib/commons-io-2.4.jar:/Users/idejie/Documents/idea/Nosql/lib/java-xmlbuilder-0.4.jar:/Users/idejie/Documents/idea/Nosql/lib/hbase-it-1.0.0-cdh5.6.0-tests.jar:/Users/idejie/Documents/idea/Nosql/lib/apacheds-i18n-2.0.0-M15.jar:/Users/idejie/Documents/idea/Nosql/lib/commons-configuration-1.6.jar:/Users/idejie/Documents/idea/Nosql/lib/hadoop-auth-2.6.0-cdh5.6.0.jar:/Users/idejie/Documents/idea/Nosql/lib/jackson-mapper-asl-1.8.8.jar:/Users/idejie/Documents/idea/Nosql/lib/jsch-0.1.42.jar:/Users/idejie/Documents/idea/Nosql/lib/hbase-common-1.0.0-cdh5.6.0.jar:/Users/idejie/Documents/idea/Nosql/lib/xercesImpl-2.9.1.jar:/Users/idejie/Documents/idea/Nosql/lib/activation-1.1.jar:/Users/idejie/Documents/idea/Nosql/lib/core-3.1.1.jar:/Users/idejie/Documents/idea/Nosql/lib/jetty-6.1.26.cloudera.4.jar:/Users/idejie/Documents/idea/Nosql/lib/commons-math-2.1.jar:/Users/idejie/Documents/idea/Nosql/lib/jsp-api-2.1-6.1.14.jar:/Users/idejie/Documents/idea/Nosql/lib/jasper-runtime-5.5.23.jar:/Users/idejie/Documents/idea/Nosql/lib/jamon-runtime-2.3.1.jar:/Users/idejie/Documents/idea/Nosql/lib/sqoop-1.4.6-cdh5.6.0.jar:/Users/idejie/Documents/idea/Nosql/lib/servlet-api-2.5.jar:/Users/idejie/Documents/idea/Nosql/lib/avro-1.7.6-cdh5.6.0.jar:/Users/idejie/Documents/idea/Nosql/lib/hbase-thrift-1.0.0-cdh5.6.0.jar:/Users/idejie/Documents/idea/Nosql/lib/slf4j-api-1.7.5.jar:/Users/idejie/Documents/idea/Nosql/lib/servlet-api-2.5-6.1.14.jar:/Users/idejie/Documents/idea/Nosql/lib/hbase-protocol-1.0.0-cdh5.6.0.jar:/Users/idejie/Documents/idea/Nosql/lib/gson-2.2.4.jar:/Users/idejie/Documents/idea/Nosql/lib/xmlenc-0.52.jar:/Users/idejie/Documents/idea/Nosql/lib/jsp-api-2.1.jar:/Users/idejie/Documents/idea/Nosql/lib/hbase-hadoop-compat-1.0.0-cdh5.6.0-tests.jar:/Users/idejie/Documents/idea/Nosql/lib/commons-compress-1.4.1.jar:/Users/idejie/Documents/idea/Nosql/lib/jackson-xc-1.8.8.jar:/Users/idejie/Documents/idea/Nosql/lib/commons-lang-2.6.jar:/Users/idejie/Documents/idea/Nosql/lib/jaxb-api-2.1.jar:/Users/idejie/Documents/idea/Nosql/lib/netty-all-4.0.23.Final.jar:/Users/idejie/Documents/idea/Nosql/lib/poi-3.15.jar:/Users/idejie/Documents/idea/Nosql/lib/poi-examples-3.15.jar:/Users/idejie/Documents/idea/Nosql/lib/poi-excelant-3.15.jar:/Users/idejie/Documents/idea/Nosql/lib/poi-ooxml-3.15.jar:/Users/idejie/Documents/idea/Nosql/lib/poi-ooxml-schemas-3.15.jar:/Users/idejie/Documents/idea/Nosql/lib/poi-scratchpad-3.15.jar:/Applications/IntelliJ IDEA.app/Contents/lib/idea_rt.jar
[framework] 2016-12-26 14:24:27,939 - org.apache.zookeeper.ZooKeeper -547  [AWT-EventQueue-0] INFO  org.apache.zookeeper.ZooKeeper  - Client environment:java.library.path=/Users/idejie/Library/Java/Extensions:/Library/Java/Extensions:/Network/Library/Java/Extensions:/System/Library/Java/Extensions:/usr/lib/java:.
[framework] 2016-12-26 14:24:27,939 - org.apache.zookeeper.ZooKeeper -547  [AWT-EventQueue-0] INFO  org.apache.zookeeper.ZooKeeper  - Client environment:java.io.tmpdir=/var/folders/lc/4gc0_7ms4jq4r2fnq_xrdsj80000gn/T/
[framework] 2016-12-26 14:24:27,939 - org.apache.zookeeper.ZooKeeper -547  [AWT-EventQueue-0] INFO  org.apache.zookeeper.ZooKeeper  - Client environment:java.compiler=<NA>
[framework] 2016-12-26 14:24:27,939 - org.apache.zookeeper.ZooKeeper -547  [AWT-EventQueue-0] INFO  org.apache.zookeeper.ZooKeeper  - Client environment:os.name=Mac OS X
[framework] 2016-12-26 14:24:27,939 - org.apache.zookeeper.ZooKeeper -547  [AWT-EventQueue-0] INFO  org.apache.zookeeper.ZooKeeper  - Client environment:os.arch=x86_64
[framework] 2016-12-26 14:24:27,939 - org.apache.zookeeper.ZooKeeper -547  [AWT-EventQueue-0] INFO  org.apache.zookeeper.ZooKeeper  - Client environment:os.version=10.11
[framework] 2016-12-26 14:24:27,939 - org.apache.zookeeper.ZooKeeper -547  [AWT-EventQueue-0] INFO  org.apache.zookeeper.ZooKeeper  - Client environment:user.name=idejie
[framework] 2016-12-26 14:24:27,939 - org.apache.zookeeper.ZooKeeper -547  [AWT-EventQueue-0] INFO  org.apache.zookeeper.ZooKeeper  - Client environment:user.home=/Users/idejie
[framework] 2016-12-26 14:24:27,939 - org.apache.zookeeper.ZooKeeper -547  [AWT-EventQueue-0] INFO  org.apache.zookeeper.ZooKeeper  - Client environment:user.dir=/Users/idejie/Documents/idea/Nosql
[framework] 2016-12-26 14:24:27,940 - org.apache.zookeeper.ZooKeeper -548  [AWT-EventQueue-0] INFO  org.apache.zookeeper.ZooKeeper  - Initiating client connection, connectString=211.87.227.195:2181,211.87.227.194:2181,211.87.227.196:2181 sessionTimeout=90000 watcher=hconnection-0x59dcbcd50x0, quorum=211.87.227.195:2181,211.87.227.194:2181,211.87.227.196:2181, baseZNode=/hbase
[framework] 2016-12-26 14:24:27,942 - org.apache.zookeeper.ClientCnxn -550  [AWT-EventQueue-0] DEBUG org.apache.zookeeper.ClientCnxn  - zookeeper.disableAutoWatchReset is false
[framework] 2016-12-26 14:24:29,038 - org.apache.zookeeper.ClientCnxn -1646 [AWT-EventQueue-0-SendThread(yzm194:2181)] INFO  org.apache.zookeeper.ClientCnxn  - Opening socket connection to server yzm194/211.87.227.194:2181. Will not attempt to authenticate using SASL (unknown error)
[framework] 2016-12-26 14:24:29,066 - org.apache.zookeeper.ClientCnxn -1674 [AWT-EventQueue-0-SendThread(yzm194:2181)] INFO  org.apache.zookeeper.ClientCnxn  - Socket connection established, initiating session, client: /192.168.1.170:51506, server: yzm194/211.87.227.194:2181
[framework] 2016-12-26 14:24:29,067 - org.apache.zookeeper.ClientCnxn -1675 [AWT-EventQueue-0-SendThread(yzm194:2181)] DEBUG org.apache.zookeeper.ClientCnxn  - Session establishment request sent on yzm194/211.87.227.194:2181
[framework] 2016-12-26 14:24:29,075 - org.apache.zookeeper.ClientCnxn -1683 [AWT-EventQueue-0-SendThread(yzm194:2181)] INFO  org.apache.zookeeper.ClientCnxn  - Session establishment complete on server yzm194/211.87.227.194:2181, sessionid = 0x15920caa9d200e4, negotiated timeout = 90000
[framework] 2016-12-26 14:24:29,077 - org.apache.hadoop.hbase.zookeeper.ZooKeeperWatcher -1685 [AWT-EventQueue-0-EventThread] DEBUG org.apache.hadoop.hbase.zookeeper.ZooKeeperWatcher  - hconnection-0x59dcbcd50x0, quorum=211.87.227.195:2181,211.87.227.194:2181,211.87.227.196:2181, baseZNode=/hbase Received ZooKeeper Event, type=None, state=SyncConnected, path=null
[framework] 2016-12-26 14:24:29,080 - org.apache.hadoop.hbase.zookeeper.ZooKeeperWatcher -1688 [AWT-EventQueue-0-EventThread] DEBUG org.apache.hadoop.hbase.zookeeper.ZooKeeperWatcher  - hconnection-0x59dcbcd5-0x15920caa9d200e4 connected
[framework] 2016-12-26 14:24:29,081 - org.apache.zookeeper.ClientCnxn -1689 [AWT-EventQueue-0-SendThread(yzm194:2181)] DEBUG org.apache.zookeeper.ClientCnxn  - Reading reply sessionid:0x15920caa9d200e4, packet:: clientPath:null serverPath:null finished:false header:: 1,3  replyHeader:: 1,21474839361,0  request:: '/hbase/hbaseid,F  response:: s{12884901942,21474836510,1478876332878,1482314091246,3,0,0,0,67,0,12884901942} 
[framework] 2016-12-26 14:24:29,084 - org.apache.zookeeper.ClientCnxn -1692 [AWT-EventQueue-0-SendThread(yzm194:2181)] DEBUG org.apache.zookeeper.ClientCnxn  - Reading reply sessionid:0x15920caa9d200e4, packet:: clientPath:null serverPath:null finished:false header:: 2,4  replyHeader:: 2,21474839361,0  request:: '/hbase/hbaseid,F  response:: #ffffffff000146d61737465723a3630303030ffffffe9fffffff23cffffffaeffffff9b1a1a350425546a2435356532316231362d643535632d346437382d623231302d373733643238646566313232,s{12884901942,21474836510,1478876332878,1482314091246,3,0,0,0,67,0,12884901942} 
[framework] 2016-12-26 14:24:29,163 - org.apache.htrace.core.Tracer -1771 [AWT-EventQueue-0] DEBUG org.apache.htrace.core.Tracer  - sampler.classes = ; loaded no samplers
[framework] 2016-12-26 14:24:29,165 - org.apache.htrace.core.Tracer -1773 [AWT-EventQueue-0] DEBUG org.apache.htrace.core.Tracer  - span.receiver.classes = ; loaded no span receivers
[framework] 2016-12-26 14:24:29,269 - org.apache.hadoop.hbase.ipc.AbstractRpcClient -1877 [AWT-EventQueue-0] DEBUG org.apache.hadoop.hbase.ipc.AbstractRpcClient  - Codec=org.apache.hadoop.hbase.codec.KeyValueCodec@42b07cb3, compressor=null, tcpKeepAlive=true, tcpNoDelay=true, connectTO=10000, readTO=20000, writeTO=60000, minIdleTimeBeforeClose=120000, maxRetries=0, fallbackAllowed=false, bind address=null
[framework] 2016-12-26 14:24:29,300 - org.apache.zookeeper.ClientCnxn -1908 [AWT-EventQueue-0-SendThread(yzm194:2181)] DEBUG org.apache.zookeeper.ClientCnxn  - Reading reply sessionid:0x15920caa9d200e4, packet:: clientPath:null serverPath:null finished:false header:: 3,4  replyHeader:: 3,21474839361,0  request:: '/hbase/meta-region-server,F  response:: #ffffffff0001a726567696f6e7365727665723a3630303230ffffffa6ffffffa8ffffffde3fffffffc649ffffffbe4d50425546a13a6797a6d31393610fffffff4ffffffd4318ffffff96ffffffe7ffffffb7ffffff86ffffff922b100183,s{21474836533,21474836533,1482314099342,1482314099342,0,0,0,0,60,0,21474836533} 
[framework] 2016-12-26 14:24:30,577 - org.apache.hadoop.hbase.ipc.AbstractRpcClient -3185 [AWT-EventQueue-0] DEBUG org.apache.hadoop.hbase.ipc.AbstractRpcClient  - Use SIMPLE authentication for service ClientService, sasl=false
[framework] 2016-12-26 14:24:30,618 - org.apache.hadoop.hbase.ipc.AbstractRpcClient -3226 [AWT-EventQueue-0] DEBUG org.apache.hadoop.hbase.ipc.AbstractRpcClient  - Connecting to yzm196/211.87.227.196:60020
[framework] 2016-12-26 14:24:30,670 - org.apache.hadoop.hbase.ipc.AbstractRpcClient -3278 [hconnection-0x59dcbcd5-shared--pool1-t1] DEBUG org.apache.hadoop.hbase.ipc.AbstractRpcClient  - Use SIMPLE authentication for service ClientService, sasl=false
[framework] 2016-12-26 14:24:30,671 - org.apache.hadoop.hbase.ipc.AbstractRpcClient -3279 [hconnection-0x59dcbcd5-shared--pool1-t1] DEBUG org.apache.hadoop.hbase.ipc.AbstractRpcClient  - Connecting to yzm194/211.87.227.194:60020
[framework] 2016-12-26 14:24:59,305 - org.apache.zookeeper.ClientCnxn -31913 [AWT-EventQueue-0-SendThread(yzm194:2181)] DEBUG org.apache.zookeeper.ClientCnxn  - Got ping response for sessionid: 0x15920caa9d200e4 after 1ms
[framework] 2016-12-26 14:25:29,310 - org.apache.zookeeper.ClientCnxn -61918 [AWT-EventQueue-0-SendThread(yzm194:2181)] DEBUG org.apache.zookeeper.ClientCnxn  - Got ping response for sessionid: 0x15920caa9d200e4 after 1ms
[framework] 2016-12-26 14:25:59,314 - org.apache.zookeeper.ClientCnxn -91922 [AWT-EventQueue-0-SendThread(yzm194:2181)] DEBUG org.apache.zookeeper.ClientCnxn  - Got ping response for sessionid: 0x15920caa9d200e4 after 1ms
[framework] 2016-12-26 14:26:29,316 - org.apache.zookeeper.ClientCnxn -121924 [AWT-EventQueue-0-SendThread(yzm194:2181)] DEBUG org.apache.zookeeper.ClientCnxn  - Got ping response for sessionid: 0x15920caa9d200e4 after 1ms
